ARM GAS  C:\Users\Chicken\AppData\Local\Temp\ccdA1yKk.s 			page 1


   1              		.cpu cortex-m3
   2              		.arch armv7-m
   3              		.fpu softvfp
   4              		.eabi_attribute 20, 1
   5              		.eabi_attribute 21, 1
   6              		.eabi_attribute 23, 3
   7              		.eabi_attribute 24, 1
   8              		.eabi_attribute 25, 1
   9              		.eabi_attribute 26, 1
  10              		.eabi_attribute 30, 1
  11              		.eabi_attribute 34, 1
  12              		.eabi_attribute 18, 4
  13              		.file	"syscall.c"
  14              		.text
  15              	.Ltext0:
  16              		.cfi_sections	.debug_frame
  17              		.section	.text.ff_cre_syncobj,"ax",%progbits
  18              		.align	1
  19              		.global	ff_cre_syncobj
  20              		.syntax unified
  21              		.thumb
  22              		.thumb_func
  24              	ff_cre_syncobj:
  25              	.LVL0:
  26              	.LFB70:
  27              		.file 1 "Middlewares/Third_Party/FatFs/src/option/syscall.c"
   1:Middlewares/Third_Party/FatFs/src/option/syscall.c **** /*------------------------------------------------------------------------*/
   2:Middlewares/Third_Party/FatFs/src/option/syscall.c **** /* Sample code of OS dependent controls for FatFs                         */
   3:Middlewares/Third_Party/FatFs/src/option/syscall.c **** /* (C)ChaN, 2014                                                          */
   4:Middlewares/Third_Party/FatFs/src/option/syscall.c **** /*------------------------------------------------------------------------*/
   5:Middlewares/Third_Party/FatFs/src/option/syscall.c **** 
   6:Middlewares/Third_Party/FatFs/src/option/syscall.c **** #include <stdlib.h>		/* ANSI memory controls */
   7:Middlewares/Third_Party/FatFs/src/option/syscall.c **** #include "../ff.h"
   8:Middlewares/Third_Party/FatFs/src/option/syscall.c **** 
   9:Middlewares/Third_Party/FatFs/src/option/syscall.c **** #if _FS_REENTRANT
  10:Middlewares/Third_Party/FatFs/src/option/syscall.c **** /*-----------------------------------------------------------------------
  11:Middlewares/Third_Party/FatFs/src/option/syscall.c ****  Create a Synchronization Object
  12:Middlewares/Third_Party/FatFs/src/option/syscall.c **** ------------------------------------------------------------------------
  13:Middlewares/Third_Party/FatFs/src/option/syscall.c ****  This function is called in f_mount function to create a new
  14:Middlewares/Third_Party/FatFs/src/option/syscall.c ****  synchronization object, such as semaphore and mutex. When a zero is
  15:Middlewares/Third_Party/FatFs/src/option/syscall.c ****  returned, the f_mount function fails with FR_INT_ERR.
  16:Middlewares/Third_Party/FatFs/src/option/syscall.c **** */
  17:Middlewares/Third_Party/FatFs/src/option/syscall.c **** 
  18:Middlewares/Third_Party/FatFs/src/option/syscall.c **** int ff_cre_syncobj (	/* TRUE:Function succeeded, FALSE:Could not create due to any error */
  19:Middlewares/Third_Party/FatFs/src/option/syscall.c **** 	BYTE vol,			/* Corresponding logical drive being processed */
  20:Middlewares/Third_Party/FatFs/src/option/syscall.c **** 	_SYNC_t *sobj		/* Pointer to return the created sync object */
  21:Middlewares/Third_Party/FatFs/src/option/syscall.c **** )
  22:Middlewares/Third_Party/FatFs/src/option/syscall.c **** {
  28              		.loc 1 22 1 view -0
  29              		.cfi_startproc
  30              		@ args = 0, pretend = 0, frame = 8
  31              		@ frame_needed = 0, uses_anonymous_args = 0
  32              		.loc 1 22 1 is_stmt 0 view .LVU1
  33 0000 10B5     		push	{r4, lr}
  34              	.LCFI0:
  35              		.cfi_def_cfa_offset 8
  36              		.cfi_offset 4, -8
ARM GAS  C:\Users\Chicken\AppData\Local\Temp\ccdA1yKk.s 			page 2


  37              		.cfi_offset 14, -4
  38 0002 82B0     		sub	sp, sp, #8
  39              	.LCFI1:
  40              		.cfi_def_cfa_offset 16
  41 0004 0C46     		mov	r4, r1
  23:Middlewares/Third_Party/FatFs/src/option/syscall.c ****   int ret;
  42              		.loc 1 23 3 is_stmt 1 view .LVU2
  24:Middlewares/Third_Party/FatFs/src/option/syscall.c ****   
  25:Middlewares/Third_Party/FatFs/src/option/syscall.c ****   osSemaphoreDef(SEM);
  43              		.loc 1 25 3 view .LVU3
  44 0006 0023     		movs	r3, #0
  45 0008 0093     		str	r3, [sp]
  46 000a 0193     		str	r3, [sp, #4]
  26:Middlewares/Third_Party/FatFs/src/option/syscall.c ****   *sobj = osSemaphoreCreate(osSemaphore(SEM), 1);		
  47              		.loc 1 26 3 view .LVU4
  48              		.loc 1 26 11 is_stmt 0 view .LVU5
  49 000c 0121     		movs	r1, #1
  50              	.LVL1:
  51              		.loc 1 26 11 view .LVU6
  52 000e 6846     		mov	r0, sp
  53              	.LVL2:
  54              		.loc 1 26 11 view .LVU7
  55 0010 FFF7FEFF 		bl	osSemaphoreCreate
  56              	.LVL3:
  57              		.loc 1 26 9 view .LVU8
  58 0014 2060     		str	r0, [r4]
  27:Middlewares/Third_Party/FatFs/src/option/syscall.c ****   ret = (*sobj != NULL);
  59              		.loc 1 27 3 is_stmt 1 view .LVU9
  60              	.LVL4:
  28:Middlewares/Third_Party/FatFs/src/option/syscall.c ****   
  29:Middlewares/Third_Party/FatFs/src/option/syscall.c ****   return ret;
  61              		.loc 1 29 3 view .LVU10
  30:Middlewares/Third_Party/FatFs/src/option/syscall.c **** }
  62              		.loc 1 30 1 is_stmt 0 view .LVU11
  63 0016 0038     		subs	r0, r0, #0
  64              	.LVL5:
  65              		.loc 1 30 1 view .LVU12
  66 0018 18BF     		it	ne
  67 001a 0120     		movne	r0, #1
  68 001c 02B0     		add	sp, sp, #8
  69              	.LCFI2:
  70              		.cfi_def_cfa_offset 8
  71              		@ sp needed
  72 001e 10BD     		pop	{r4, pc}
  73              		.loc 1 30 1 view .LVU13
  74              		.cfi_endproc
  75              	.LFE70:
  77              		.section	.text.ff_del_syncobj,"ax",%progbits
  78              		.align	1
  79              		.global	ff_del_syncobj
  80              		.syntax unified
  81              		.thumb
  82              		.thumb_func
  84              	ff_del_syncobj:
  85              	.LVL6:
  86              	.LFB71:
  31:Middlewares/Third_Party/FatFs/src/option/syscall.c **** 
ARM GAS  C:\Users\Chicken\AppData\Local\Temp\ccdA1yKk.s 			page 3


  32:Middlewares/Third_Party/FatFs/src/option/syscall.c **** 
  33:Middlewares/Third_Party/FatFs/src/option/syscall.c **** 
  34:Middlewares/Third_Party/FatFs/src/option/syscall.c **** /*------------------------------------------------------------------------*/
  35:Middlewares/Third_Party/FatFs/src/option/syscall.c **** /* Delete a Synchronization Object                                        */
  36:Middlewares/Third_Party/FatFs/src/option/syscall.c **** /*------------------------------------------------------------------------*/
  37:Middlewares/Third_Party/FatFs/src/option/syscall.c **** /* This function is called in f_mount function to delete a synchronization
  38:Middlewares/Third_Party/FatFs/src/option/syscall.c **** /  object that created with ff_cre_syncobj function. When a zero is
  39:Middlewares/Third_Party/FatFs/src/option/syscall.c **** /  returned, the f_mount function fails with FR_INT_ERR.
  40:Middlewares/Third_Party/FatFs/src/option/syscall.c **** */
  41:Middlewares/Third_Party/FatFs/src/option/syscall.c **** 
  42:Middlewares/Third_Party/FatFs/src/option/syscall.c **** int ff_del_syncobj (	/* TRUE:Function succeeded, FALSE:Could not delete due to any error */
  43:Middlewares/Third_Party/FatFs/src/option/syscall.c **** 	_SYNC_t sobj		/* Sync object tied to the logical drive to be deleted */
  44:Middlewares/Third_Party/FatFs/src/option/syscall.c **** )
  45:Middlewares/Third_Party/FatFs/src/option/syscall.c **** {
  87              		.loc 1 45 1 is_stmt 1 view -0
  88              		.cfi_startproc
  89              		@ args = 0, pretend = 0, frame = 0
  90              		@ frame_needed = 0, uses_anonymous_args = 0
  91              		.loc 1 45 1 is_stmt 0 view .LVU15
  92 0000 08B5     		push	{r3, lr}
  93              	.LCFI3:
  94              		.cfi_def_cfa_offset 8
  95              		.cfi_offset 3, -8
  96              		.cfi_offset 14, -4
  46:Middlewares/Third_Party/FatFs/src/option/syscall.c ****   osSemaphoreDelete (sobj);
  97              		.loc 1 46 3 is_stmt 1 view .LVU16
  98 0002 FFF7FEFF 		bl	osSemaphoreDelete
  99              	.LVL7:
  47:Middlewares/Third_Party/FatFs/src/option/syscall.c ****   return 1;
 100              		.loc 1 47 3 view .LVU17
  48:Middlewares/Third_Party/FatFs/src/option/syscall.c **** }
 101              		.loc 1 48 1 is_stmt 0 view .LVU18
 102 0006 0120     		movs	r0, #1
 103 0008 08BD     		pop	{r3, pc}
 104              		.cfi_endproc
 105              	.LFE71:
 107              		.section	.text.ff_req_grant,"ax",%progbits
 108              		.align	1
 109              		.global	ff_req_grant
 110              		.syntax unified
 111              		.thumb
 112              		.thumb_func
 114              	ff_req_grant:
 115              	.LVL8:
 116              	.LFB72:
  49:Middlewares/Third_Party/FatFs/src/option/syscall.c **** 
  50:Middlewares/Third_Party/FatFs/src/option/syscall.c **** 
  51:Middlewares/Third_Party/FatFs/src/option/syscall.c **** 
  52:Middlewares/Third_Party/FatFs/src/option/syscall.c **** /*------------------------------------------------------------------------*/
  53:Middlewares/Third_Party/FatFs/src/option/syscall.c **** /* Request Grant to Access the Volume                                     */
  54:Middlewares/Third_Party/FatFs/src/option/syscall.c **** /*------------------------------------------------------------------------*/
  55:Middlewares/Third_Party/FatFs/src/option/syscall.c **** /* This function is called on entering file functions to lock the volume.
  56:Middlewares/Third_Party/FatFs/src/option/syscall.c **** /  When a zero is returned, the file function fails with FR_TIMEOUT.
  57:Middlewares/Third_Party/FatFs/src/option/syscall.c **** */
  58:Middlewares/Third_Party/FatFs/src/option/syscall.c **** 
  59:Middlewares/Third_Party/FatFs/src/option/syscall.c **** int ff_req_grant (	/* TRUE:Got a grant to access the volume, FALSE:Could not get a grant */
  60:Middlewares/Third_Party/FatFs/src/option/syscall.c **** 	_SYNC_t sobj	/* Sync object to wait */
ARM GAS  C:\Users\Chicken\AppData\Local\Temp\ccdA1yKk.s 			page 4


  61:Middlewares/Third_Party/FatFs/src/option/syscall.c **** )
  62:Middlewares/Third_Party/FatFs/src/option/syscall.c **** {
 117              		.loc 1 62 1 is_stmt 1 view -0
 118              		.cfi_startproc
 119              		@ args = 0, pretend = 0, frame = 0
 120              		@ frame_needed = 0, uses_anonymous_args = 0
 121              		.loc 1 62 1 is_stmt 0 view .LVU20
 122 0000 08B5     		push	{r3, lr}
 123              	.LCFI4:
 124              		.cfi_def_cfa_offset 8
 125              		.cfi_offset 3, -8
 126              		.cfi_offset 14, -4
  63:Middlewares/Third_Party/FatFs/src/option/syscall.c ****   int ret = 0;
 127              		.loc 1 63 3 is_stmt 1 view .LVU21
 128              	.LVL9:
  64:Middlewares/Third_Party/FatFs/src/option/syscall.c ****   
  65:Middlewares/Third_Party/FatFs/src/option/syscall.c ****   if(osSemaphoreWait(sobj, _FS_TIMEOUT) == osOK)
 129              		.loc 1 65 3 view .LVU22
 130              		.loc 1 65 6 is_stmt 0 view .LVU23
 131 0002 4FF47A71 		mov	r1, #1000
 132 0006 FFF7FEFF 		bl	osSemaphoreWait
 133              	.LVL10:
 134              		.loc 1 65 5 view .LVU24
 135 000a 08B1     		cbz	r0, .L7
  63:Middlewares/Third_Party/FatFs/src/option/syscall.c ****   int ret = 0;
 136              		.loc 1 63 7 view .LVU25
 137 000c 0020     		movs	r0, #0
 138              	.LVL11:
 139              	.L5:
  66:Middlewares/Third_Party/FatFs/src/option/syscall.c ****   {
  67:Middlewares/Third_Party/FatFs/src/option/syscall.c ****     ret = 1;
  68:Middlewares/Third_Party/FatFs/src/option/syscall.c ****   }
  69:Middlewares/Third_Party/FatFs/src/option/syscall.c ****   
  70:Middlewares/Third_Party/FatFs/src/option/syscall.c ****   return ret;
  71:Middlewares/Third_Party/FatFs/src/option/syscall.c **** }
 140              		.loc 1 71 1 view .LVU26
 141 000e 08BD     		pop	{r3, pc}
 142              	.LVL12:
 143              	.L7:
  67:Middlewares/Third_Party/FatFs/src/option/syscall.c ****   }
 144              		.loc 1 67 9 view .LVU27
 145 0010 0120     		movs	r0, #1
 146              	.LVL13:
  70:Middlewares/Third_Party/FatFs/src/option/syscall.c **** }
 147              		.loc 1 70 3 is_stmt 1 view .LVU28
  70:Middlewares/Third_Party/FatFs/src/option/syscall.c **** }
 148              		.loc 1 70 10 is_stmt 0 view .LVU29
 149 0012 FCE7     		b	.L5
 150              		.cfi_endproc
 151              	.LFE72:
 153              		.section	.text.ff_rel_grant,"ax",%progbits
 154              		.align	1
 155              		.global	ff_rel_grant
 156              		.syntax unified
 157              		.thumb
 158              		.thumb_func
 160              	ff_rel_grant:
ARM GAS  C:\Users\Chicken\AppData\Local\Temp\ccdA1yKk.s 			page 5


 161              	.LVL14:
 162              	.LFB73:
  72:Middlewares/Third_Party/FatFs/src/option/syscall.c **** 
  73:Middlewares/Third_Party/FatFs/src/option/syscall.c **** 
  74:Middlewares/Third_Party/FatFs/src/option/syscall.c **** 
  75:Middlewares/Third_Party/FatFs/src/option/syscall.c **** /*------------------------------------------------------------------------*/
  76:Middlewares/Third_Party/FatFs/src/option/syscall.c **** /* Release Grant to Access the Volume                                     */
  77:Middlewares/Third_Party/FatFs/src/option/syscall.c **** /*------------------------------------------------------------------------*/
  78:Middlewares/Third_Party/FatFs/src/option/syscall.c **** /* This function is called on leaving file functions to unlock the volume.
  79:Middlewares/Third_Party/FatFs/src/option/syscall.c **** */
  80:Middlewares/Third_Party/FatFs/src/option/syscall.c **** 
  81:Middlewares/Third_Party/FatFs/src/option/syscall.c **** void ff_rel_grant (
  82:Middlewares/Third_Party/FatFs/src/option/syscall.c **** 	_SYNC_t sobj	/* Sync object to be signaled */
  83:Middlewares/Third_Party/FatFs/src/option/syscall.c **** )
  84:Middlewares/Third_Party/FatFs/src/option/syscall.c **** {
 163              		.loc 1 84 1 is_stmt 1 view -0
 164              		.cfi_startproc
 165              		@ args = 0, pretend = 0, frame = 0
 166              		@ frame_needed = 0, uses_anonymous_args = 0
 167              		.loc 1 84 1 is_stmt 0 view .LVU31
 168 0000 08B5     		push	{r3, lr}
 169              	.LCFI5:
 170              		.cfi_def_cfa_offset 8
 171              		.cfi_offset 3, -8
 172              		.cfi_offset 14, -4
  85:Middlewares/Third_Party/FatFs/src/option/syscall.c ****   osSemaphoreRelease(sobj);
 173              		.loc 1 85 3 is_stmt 1 view .LVU32
 174 0002 FFF7FEFF 		bl	osSemaphoreRelease
 175              	.LVL15:
  86:Middlewares/Third_Party/FatFs/src/option/syscall.c **** }
 176              		.loc 1 86 1 is_stmt 0 view .LVU33
 177 0006 08BD     		pop	{r3, pc}
 178              		.cfi_endproc
 179              	.LFE73:
 181              		.text
 182              	.Letext0:
 183              		.file 2 "e:\\project\\program\\vscode\\tools\\gcc-arm-none-eabi-10.3-2021.10\\arm-none-eabi\\inclu
 184              		.file 3 "Middlewares/Third_Party/FatFs/src/option/../integer.h"
 185              		.file 4 "e:\\project\\program\\vscode\\tools\\gcc-arm-none-eabi-10.3-2021.10\\arm-none-eabi\\inclu
 186              		.file 5 "Middlewares/Third_Party/FreeRTOS/Source/portable/GCC/ARM_CM3/portmacro.h"
 187              		.file 6 "Middlewares/Third_Party/FreeRTOS/Source/include/FreeRTOS.h"
 188              		.file 7 "Middlewares/Third_Party/FreeRTOS/Source/include/queue.h"
 189              		.file 8 "Middlewares/Third_Party/FreeRTOS/Source/include/semphr.h"
 190              		.file 9 "Middlewares/Third_Party/FreeRTOS/Source/CMSIS_RTOS/cmsis_os.h"
ARM GAS  C:\Users\Chicken\AppData\Local\Temp\ccdA1yKk.s 			page 6


DEFINED SYMBOLS
                            *ABS*:00000000 syscall.c
C:\Users\Chicken\AppData\Local\Temp\ccdA1yKk.s:18     .text.ff_cre_syncobj:00000000 $t
C:\Users\Chicken\AppData\Local\Temp\ccdA1yKk.s:24     .text.ff_cre_syncobj:00000000 ff_cre_syncobj
C:\Users\Chicken\AppData\Local\Temp\ccdA1yKk.s:78     .text.ff_del_syncobj:00000000 $t
C:\Users\Chicken\AppData\Local\Temp\ccdA1yKk.s:84     .text.ff_del_syncobj:00000000 ff_del_syncobj
C:\Users\Chicken\AppData\Local\Temp\ccdA1yKk.s:108    .text.ff_req_grant:00000000 $t
C:\Users\Chicken\AppData\Local\Temp\ccdA1yKk.s:114    .text.ff_req_grant:00000000 ff_req_grant
C:\Users\Chicken\AppData\Local\Temp\ccdA1yKk.s:154    .text.ff_rel_grant:00000000 $t
C:\Users\Chicken\AppData\Local\Temp\ccdA1yKk.s:160    .text.ff_rel_grant:00000000 ff_rel_grant

UNDEFINED SYMBOLS
osSemaphoreCreate
osSemaphoreDelete
osSemaphoreWait
osSemaphoreRelease
