Added Pin To Net: NetName=GND Pin=R16-1
Added Pin To Net: NetName=DAT0 Pin=U4-16
Added Pin To Net: NetName=CMD Pin=U4-17
Added Pin To Net: NetName=LED_NOTIFY Pin=U4-18
Added Pin To Net: NetName=BUZZER Pin=U4-19
Added Pin To Net: NetName=NetC23_2 Pin=U4-25
Added Pin To Net: NetName=NetC24_2 Pin=U4-26
Added Pin To Net: NetName=NetC25_2 Pin=U4-27
Added Pin To Net: NetName=NetC26_2 Pin=U4-28
Added Pin To Net: NetName=MCU_HOME_X Pin=U5-25
Added Pin To Net: NetName=MCU_HOME_Y Pin=U5-26
Added Pin To Net: NetName=MCU_HOME_Z Pin=U5-27
Added Pin To Net: NetName=GND Pin=U*-2
Change Net Name : Old Net Name=GND New Net Name=CS
Added Pin To Net: NetName=NetU4_12 Pin=U4-12
Added Pin To Net: NetName=NetU4_12 Pin=U5-13
Added Net: Name=NetU4_12
Added Pin To Net: NetName=NetU4_13 Pin=U4-13
Added Pin To Net: NetName=NetU4_13 Pin=U5-12
Added Net: Name=NetU4_13
Added Pin To Net: NetName=NetU4_15 Pin=U4-15
Added Pin To Net: NetName=NetU4_15 Pin=U*-5
Added Net: Name=NetU4_15
Added Pin To Net: NetName=NetU4_42 Pin=U4-42
Added Pin To Net: NetName=NetU4_42 Pin=U6-3
Added Net: Name=NetU4_42
Added Pin To Net: NetName=NetU4_43 Pin=U4-43
Added Pin To Net: NetName=NetU4_43 Pin=U6-4
Added Net: Name=NetU4_43
Added Pin To Net: NetName=NetU5_10 Pin=U5-10
Added Pin To Net: NetName=NetU5_10 Pin=U8-4
Added Net: Name=NetU5_10
Added Pin To Net: NetName=NetU5_11 Pin=U5-11
Added Pin To Net: NetName=NetU5_11 Pin=U8-5
Added Net: Name=NetU5_11
Added Pin To Net: NetName=NetU5_14 Pin=U5-14
Added Pin To Net: NetName=NetU5_14 Pin=U7-4
Added Net: Name=NetU5_14
Added Pin To Net: NetName=NetU5_15 Pin=U5-15
Added Pin To Net: NetName=NetU5_15 Pin=U7-2
Added Net: Name=NetU5_15
Added Pin To Net: NetName=NetU5_16 Pin=U5-16
Added Pin To Net: NetName=NetU5_16 Pin=U7-3
Added Net: Name=NetU5_16
Added Pin To Net: NetName=NetU5_17 Pin=U5-17
Added Pin To Net: NetName=NetU5_17 Pin=U7-5
Added Net: Name=NetU5_17
Added Pin To Net: NetName=NetU5_18 Pin=U5-18
Added Pin To Net: NetName=NetU5_18 Pin=U7-7
Added Net: Name=NetU5_18
Added Pin To Net: NetName=NetU5_19 Pin=U5-19
Added Pin To Net: NetName=NetU5_19 Pin=U7-9
Added Net: Name=NetU5_19
Added Pin To Net: NetName=NetU5_29 Pin=U5-29
Added Pin To Net: NetName=NetU5_29 Pin=U8-2
Added Net: Name=NetU5_29
Added Pin To Net: NetName=NetU5_30 Pin=U5-30
Added Pin To Net: NetName=NetU5_30 Pin=U8-3
Added Net: Name=NetU5_30
Added Pin To Net: NetName=NetU5_38 Pin=U5-38
Added Pin To Net: NetName=NetU5_38 Pin=U7-6
Added Net: Name=NetU5_38
Added Pin To Net: NetName=NetU5_39 Pin=U5-39
Added Pin To Net: NetName=NetU5_39 Pin=U7-8
Added Net: Name=NetU5_39
Added Pin To Net: NetName=NetU5_42 Pin=U5-42
Added Pin To Net: NetName=NetU5_42 Pin=U8-6
Added Net: Name=NetU5_42
Added Pin To Net: NetName=NetU5_43 Pin=U5-43
Added Pin To Net: NetName=NetU5_43 Pin=U8-7
Added Net: Name=NetU5_43
Added Room: Name=Control_Display_SD
Added Room: Name=MCU_Control
Added Room: Name=MCU_Main
Added Room: Name=Motor
Added Room: Name=PowerSupply
