Added Component: Designator=B?(BUZZER)
Add component (AddParameter): Name = "Local Supplier"; Value = "thegioiic"; VariantName = "[No Variations]"
Add component (AddParameter): Name = "Local Supplier Link"; Value = "https://www.thegioiic.com/products/1209-dip-buzzer-12x9mm"; VariantName = "[No Variations]"
Add component (AddParameter): Name = "Local Supplier Part Number"; Value = "1209 DIP Buzzer 12x9mm"; VariantName = "[No Variations]"
Added Component: Designator=C?(CAP-SM-0805)
Add component (AddParameter): Name = "Local Supplier"; Value = "thegioiic"; VariantName = "[No Variations]"
Add component (AddParameter): Name = "Local Supplier Link"; Value = "https://www.thegioiic.com/products/tu-gom-0805-100nf-0-1uf-50v"; VariantName = "[No Variations]"
Add component (AddParameter): Name = "Manufacturer"; Value = "Samsung Electro-Mechanics"; VariantName = "[No Variations]"
Add component (AddParameter): Name = "Manufacturer Part Number"; Value = "CL21F104ZBCNNNC"; VariantName = "[No Variations]"
Add component (AddParameter): Name = "Supplier 1"; Value = "Digikey"; VariantName = "[No Variations]"
Add component (AddParameter): Name = "Supplier 1 Link"; Value = "https://www.digikey.com/product-detail/en/samsung-electro-mechanics/CL21F104ZBCNNNC/1276-1007-1-ND/3889093"; VariantName = "[No Variations]"
Add component (AddParameter): Name = "Supplier 1 Part Number"; Value = "1276-1007-1-ND"; VariantName = "[No Variations]"
Add component (AddParameter): Name = "Value"; Value = "100nF/50V"; VariantName = "[No Variations]"
Added Component: Designator=C?(CAP-SM-0805)
Add component (AddParameter): Name = "Local Supplier"; Value = "thegioiic"; VariantName = "[No Variations]"
Add component (AddParameter): Name = "Local Supplier Link"; Value = "https://www.thegioiic.com/products/tu-gom-0805-100nf-0-1uf-50v"; VariantName = "[No Variations]"
Add component (AddParameter): Name = "Manufacturer"; Value = "Samsung Electro-Mechanics"; VariantName = "[No Variations]"
Add component (AddParameter): Name = "Manufacturer Part Number"; Value = "CL21F104ZBCNNNC"; VariantName = "[No Variations]"
Add component (AddParameter): Name = "Supplier 1"; Value = "Digikey"; VariantName = "[No Variations]"
Add component (AddParameter): Name = "Supplier 1 Link"; Value = "https://www.digikey.com/product-detail/en/samsung-electro-mechanics/CL21F104ZBCNNNC/1276-1007-1-ND/3889093"; VariantName = "[No Variations]"
Add component (AddParameter): Name = "Supplier 1 Part Number"; Value = "1276-1007-1-ND"; VariantName = "[No Variations]"
Add component (AddParameter): Name = "Value"; Value = "100nF/50V"; VariantName = "[No Variations]"
Added Component: Designator=C?(CAP-SM-0805)
Add component (AddParameter): Name = "Local Supplier"; Value = "thegioiic"; VariantName = "[No Variations]"
Add component (AddParameter): Name = "Local Supplier Link"; Value = "https://www.thegioiic.com/products/tu-gom-0805-100nf-0-1uf-50v"; VariantName = "[No Variations]"
Add component (AddParameter): Name = "Manufacturer"; Value = "Samsung Electro-Mechanics"; VariantName = "[No Variations]"
Add component (AddParameter): Name = "Manufacturer Part Number"; Value = "CL21F104ZBCNNNC"; VariantName = "[No Variations]"
Add component (AddParameter): Name = "Supplier 1"; Value = "Digikey"; VariantName = "[No Variations]"
Add component (AddParameter): Name = "Supplier 1 Link"; Value = "https://www.digikey.com/product-detail/en/samsung-electro-mechanics/CL21F104ZBCNNNC/1276-1007-1-ND/3889093"; VariantName = "[No Variations]"
Add component (AddParameter): Name = "Supplier 1 Part Number"; Value = "1276-1007-1-ND"; VariantName = "[No Variations]"
Add component (AddParameter): Name = "Value"; Value = "100nF/50V"; VariantName = "[No Variations]"
Added Component: Designator=C?(CAP-SM-0805)
Add component (AddParameter): Name = "Local Supplier"; Value = "thegioiic"; VariantName = "[No Variations]"
Add component (AddParameter): Name = "Local Supplier Link"; Value = "https://www.thegioiic.com/products/tu-gom-0805-100nf-0-1uf-50v"; VariantName = "[No Variations]"
Add component (AddParameter): Name = "Manufacturer"; Value = "Samsung Electro-Mechanics"; VariantName = "[No Variations]"
Add component (AddParameter): Name = "Manufacturer Part Number"; Value = "CL21F104ZBCNNNC"; VariantName = "[No Variations]"
Add component (AddParameter): Name = "Supplier 1"; Value = "Digikey"; VariantName = "[No Variations]"
Add component (AddParameter): Name = "Supplier 1 Link"; Value = "https://www.digikey.com/product-detail/en/samsung-electro-mechanics/CL21F104ZBCNNNC/1276-1007-1-ND/3889093"; VariantName = "[No Variations]"
Add component (AddParameter): Name = "Supplier 1 Part Number"; Value = "1276-1007-1-ND"; VariantName = "[No Variations]"
Add component (AddParameter): Name = "Value"; Value = "100nF/50V"; VariantName = "[No Variations]"
Added Component: Designator=C?(CAP-SM-0805)
Add component (AddParameter): Name = "Local Supplier"; Value = "thegioiic"; VariantName = "[No Variations]"
Add component (AddParameter): Name = "Local Supplier Link"; Value = "https://thegioiic.com/products/tu-1nf-50v-0805"; VariantName = "[No Variations]"
Add component (AddParameter): Name = "Manufacturer"; Value = "Johanson Dielectrics Inc."; VariantName = "[No Variations]"
Add component (AddParameter): Name = "Manufacturer Part Number"; Value = "101X15W102MV4E"; VariantName = "[No Variations]"
Add component (AddParameter): Name = "Supplier 1"; Value = "Digikey"; VariantName = "[No Variations]"
Add component (AddParameter): Name = "Supplier 1 Link"; Value = "https://www.digikey.com/product-detail/en/johanson-dielectrics-inc/101X15W102MV4E/709-1335-1-ND/2327235"; VariantName = "[No Variations]"
Add component (AddParameter): Name = "Supplier 1 Part Number"; Value = "709-1335-1-ND"; VariantName = "[No Variations]"
Add component (AddParameter): Name = "Value"; Value = "20pF/50V"; VariantName = "[No Variations]"
Added Component: Designator=C?(CAP-SM-0805)
Add component (AddParameter): Name = "Local Supplier"; Value = "thegioiic"; VariantName = "[No Variations]"
Add component (AddParameter): Name = "Local Supplier Link"; Value = "https://thegioiic.com/products/tu-1nf-50v-0805"; VariantName = "[No Variations]"
Add component (AddParameter): Name = "Manufacturer"; Value = "Johanson Dielectrics Inc."; VariantName = "[No Variations]"
Add component (AddParameter): Name = "Manufacturer Part Number"; Value = "101X15W102MV4E"; VariantName = "[No Variations]"
Add component (AddParameter): Name = "Supplier 1"; Value = "Digikey"; VariantName = "[No Variations]"
Add component (AddParameter): Name = "Supplier 1 Link"; Value = "https://www.digikey.com/product-detail/en/johanson-dielectrics-inc/101X15W102MV4E/709-1335-1-ND/2327235"; VariantName = "[No Variations]"
Add component (AddParameter): Name = "Supplier 1 Part Number"; Value = "709-1335-1-ND"; VariantName = "[No Variations]"
Add component (AddParameter): Name = "Value"; Value = "20pF/50V"; VariantName = "[No Variations]"
Added Component: Designator=C?(CAP-SM-0805)
Add component (AddParameter): Name = "Local Supplier"; Value = "thegioiic"; VariantName = "[No Variations]"
Add component (AddParameter): Name = "Local Supplier Link"; Value = "https://www.thegioiic.com/products/tu-gom-0805-100nf-0-1uf-50v"; VariantName = "[No Variations]"
Add component (AddParameter): Name = "Manufacturer"; Value = "Samsung Electro-Mechanics"; VariantName = "[No Variations]"
Add component (AddParameter): Name = "Manufacturer Part Number"; Value = "CL21F104ZBCNNNC"; VariantName = "[No Variations]"
Add component (AddParameter): Name = "Supplier 1"; Value = "Digikey"; VariantName = "[No Variations]"
Add component (AddParameter): Name = "Supplier 1 Link"; Value = "https://www.digikey.com/product-detail/en/samsung-electro-mechanics/CL21F104ZBCNNNC/1276-1007-1-ND/3889093"; VariantName = "[No Variations]"
Add component (AddParameter): Name = "Supplier 1 Part Number"; Value = "1276-1007-1-ND"; VariantName = "[No Variations]"
Add component (AddParameter): Name = "Value"; Value = "100nF/50V"; VariantName = "[No Variations]"
Added Component: Designator=C?(CAP-SM-0805)
Add component (AddParameter): Name = "Local Supplier"; Value = "thegioiic"; VariantName = "[No Variations]"
Add component (AddParameter): Name = "Local Supplier Link"; Value = "https://thegioiic.com/products/tu-1nf-50v-0805"; VariantName = "[No Variations]"
Add component (AddParameter): Name = "Manufacturer"; Value = "Johanson Dielectrics Inc."; VariantName = "[No Variations]"
Add component (AddParameter): Name = "Manufacturer Part Number"; Value = "101X15W102MV4E"; VariantName = "[No Variations]"
Add component (AddParameter): Name = "Supplier 1"; Value = "Digikey"; VariantName = "[No Variations]"
Add component (AddParameter): Name = "Supplier 1 Link"; Value = "https://www.digikey.com/product-detail/en/johanson-dielectrics-inc/101X15W102MV4E/709-1335-1-ND/2327235"; VariantName = "[No Variations]"
Add component (AddParameter): Name = "Supplier 1 Part Number"; Value = "709-1335-1-ND"; VariantName = "[No Variations]"
Add component (AddParameter): Name = "Value"; Value = "20pF/50V"; VariantName = "[No Variations]"
Added Component: Designator=C?(CAP-SM-0805)
Add component (AddParameter): Name = "Local Supplier"; Value = "thegioiic"; VariantName = "[No Variations]"
Add component (AddParameter): Name = "Local Supplier Link"; Value = "https://www.thegioiic.com/products/tu-gom-0805-100nf-0-1uf-50v"; VariantName = "[No Variations]"
Add component (AddParameter): Name = "Manufacturer"; Value = "Samsung Electro-Mechanics"; VariantName = "[No Variations]"
Add component (AddParameter): Name = "Manufacturer Part Number"; Value = "CL21F104ZBCNNNC"; VariantName = "[No Variations]"
Add component (AddParameter): Name = "Supplier 1"; Value = "Digikey"; VariantName = "[No Variations]"
Add component (AddParameter): Name = "Supplier 1 Link"; Value = "https://www.digikey.com/product-detail/en/samsung-electro-mechanics/CL21F104ZBCNNNC/1276-1007-1-ND/3889093"; VariantName = "[No Variations]"
Add component (AddParameter): Name = "Supplier 1 Part Number"; Value = "1276-1007-1-ND"; VariantName = "[No Variations]"
Add component (AddParameter): Name = "Value"; Value = "100nF/50V"; VariantName = "[No Variations]"
Added Component: Designator=C?(CAP-SM-0805)
Add component (AddParameter): Name = "Local Supplier"; Value = "thegioiic"; VariantName = "[No Variations]"
Add component (AddParameter): Name = "Local Supplier Link"; Value = "https://www.thegioiic.com/products/tu-gom-0805-100nf-0-1uf-50v"; VariantName = "[No Variations]"
Add component (AddParameter): Name = "Manufacturer"; Value = "Samsung Electro-Mechanics"; VariantName = "[No Variations]"
Add component (AddParameter): Name = "Manufacturer Part Number"; Value = "CL21F104ZBCNNNC"; VariantName = "[No Variations]"
Add component (AddParameter): Name = "Supplier 1"; Value = "Digikey"; VariantName = "[No Variations]"
Add component (AddParameter): Name = "Supplier 1 Link"; Value = "https://www.digikey.com/product-detail/en/samsung-electro-mechanics/CL21F104ZBCNNNC/1276-1007-1-ND/3889093"; VariantName = "[No Variations]"
Add component (AddParameter): Name = "Supplier 1 Part Number"; Value = "1276-1007-1-ND"; VariantName = "[No Variations]"
Add component (AddParameter): Name = "Value"; Value = "100nF/50V"; VariantName = "[No Variations]"
Added Component: Designator=C?(CAP-SM-0805)
Add component (AddParameter): Name = "Local Supplier"; Value = "thegioiic"; VariantName = "[No Variations]"
Add component (AddParameter): Name = "Local Supplier Link"; Value = "https://www.thegioiic.com/products/tu-gom-0805-100nf-0-1uf-50v"; VariantName = "[No Variations]"
Add component (AddParameter): Name = "Manufacturer"; Value = "Samsung Electro-Mechanics"; VariantName = "[No Variations]"
Add component (AddParameter): Name = "Manufacturer Part Number"; Value = "CL21F104ZBCNNNC"; VariantName = "[No Variations]"
Add component (AddParameter): Name = "Supplier 1"; Value = "Digikey"; VariantName = "[No Variations]"
Add component (AddParameter): Name = "Supplier 1 Link"; Value = "https://www.digikey.com/product-detail/en/samsung-electro-mechanics/CL21F104ZBCNNNC/1276-1007-1-ND/3889093"; VariantName = "[No Variations]"
Add component (AddParameter): Name = "Supplier 1 Part Number"; Value = "1276-1007-1-ND"; VariantName = "[No Variations]"
Add component (AddParameter): Name = "Value"; Value = "100nF/50V"; VariantName = "[No Variations]"
Added Component: Designator=C?(CAP-SM-0805)
Add component (AddParameter): Name = "Local Supplier"; Value = "thegioiic"; VariantName = "[No Variations]"
Add component (AddParameter): Name = "Local Supplier Link"; Value = "https://thegioiic.com/products/tu-1nf-50v-0805"; VariantName = "[No Variations]"
Add component (AddParameter): Name = "Manufacturer"; Value = "Johanson Dielectrics Inc."; VariantName = "[No Variations]"
Add component (AddParameter): Name = "Manufacturer Part Number"; Value = "101X15W102MV4E"; VariantName = "[No Variations]"
Add component (AddParameter): Name = "Supplier 1"; Value = "Digikey"; VariantName = "[No Variations]"
Add component (AddParameter): Name = "Supplier 1 Link"; Value = "https://www.digikey.com/product-detail/en/johanson-dielectrics-inc/101X15W102MV4E/709-1335-1-ND/2327235"; VariantName = "[No Variations]"
Add component (AddParameter): Name = "Supplier 1 Part Number"; Value = "709-1335-1-ND"; VariantName = "[No Variations]"
Add component (AddParameter): Name = "Value"; Value = "20pF/50V"; VariantName = "[No Variations]"
Added Component: Designator=C?(CAP-SM-0805)
Add component (AddParameter): Name = "Local Supplier"; Value = "thegioiic"; VariantName = "[No Variations]"
Add component (AddParameter): Name = "Local Supplier Link"; Value = "https://www.thegioiic.com/products/tu-gom-0805-100nf-0-1uf-50v"; VariantName = "[No Variations]"
Add component (AddParameter): Name = "Manufacturer"; Value = "Samsung Electro-Mechanics"; VariantName = "[No Variations]"
Add component (AddParameter): Name = "Manufacturer Part Number"; Value = "CL21F104ZBCNNNC"; VariantName = "[No Variations]"
Add component (AddParameter): Name = "Supplier 1"; Value = "Digikey"; VariantName = "[No Variations]"
Add component (AddParameter): Name = "Supplier 1 Link"; Value = "https://www.digikey.com/product-detail/en/samsung-electro-mechanics/CL21F104ZBCNNNC/1276-1007-1-ND/3889093"; VariantName = "[No Variations]"
Add component (AddParameter): Name = "Supplier 1 Part Number"; Value = "1276-1007-1-ND"; VariantName = "[No Variations]"
Add component (AddParameter): Name = "Value"; Value = "100nF/50V"; VariantName = "[No Variations]"
Added Component: Designator=C?(CAP-SM-0805)
Add component (AddParameter): Name = "Local Supplier"; Value = "thegioiic"; VariantName = "[No Variations]"
Add component (AddParameter): Name = "Local Supplier Link"; Value = "https://www.thegioiic.com/products/tu-gom-0805-100nf-0-1uf-50v"; VariantName = "[No Variations]"
Add component (AddParameter): Name = "Manufacturer"; Value = "Samsung Electro-Mechanics"; VariantName = "[No Variations]"
Add component (AddParameter): Name = "Manufacturer Part Number"; Value = "CL21F104ZBCNNNC"; VariantName = "[No Variations]"
Add component (AddParameter): Name = "Supplier 1"; Value = "Digikey"; VariantName = "[No Variations]"
Add component (AddParameter): Name = "Supplier 1 Link"; Value = "https://www.digikey.com/product-detail/en/samsung-electro-mechanics/CL21F104ZBCNNNC/1276-1007-1-ND/3889093"; VariantName = "[No Variations]"
Add component (AddParameter): Name = "Supplier 1 Part Number"; Value = "1276-1007-1-ND"; VariantName = "[No Variations]"
Add component (AddParameter): Name = "Value"; Value = "100nF/50V"; VariantName = "[No Variations]"
Added Component: Designator=C?(CAP-SM-0805)
Add component (AddParameter): Name = "Local Supplier"; Value = "thegioiic"; VariantName = "[No Variations]"
Add component (AddParameter): Name = "Local Supplier Link"; Value = "https://www.thegioiic.com/products/tu-gom-0805-100nf-0-1uf-50v"; VariantName = "[No Variations]"
Add component (AddParameter): Name = "Manufacturer"; Value = "Samsung Electro-Mechanics"; VariantName = "[No Variations]"
Add component (AddParameter): Name = "Manufacturer Part Number"; Value = "CL21F104ZBCNNNC"; VariantName = "[No Variations]"
Add component (AddParameter): Name = "Supplier 1"; Value = "Digikey"; VariantName = "[No Variations]"
Add component (AddParameter): Name = "Supplier 1 Link"; Value = "https://www.digikey.com/product-detail/en/samsung-electro-mechanics/CL21F104ZBCNNNC/1276-1007-1-ND/3889093"; VariantName = "[No Variations]"
Add component (AddParameter): Name = "Supplier 1 Part Number"; Value = "1276-1007-1-ND"; VariantName = "[No Variations]"
Add component (AddParameter): Name = "Value"; Value = "100nF/50V"; VariantName = "[No Variations]"
Added Component: Designator=C?(CAP-SM-0805)
Add component (AddParameter): Name = "Local Supplier"; Value = "thegioiic"; VariantName = "[No Variations]"
Add component (AddParameter): Name = "Local Supplier Link"; Value = "https://www.thegioiic.com/products/tu-gom-0805-100nf-0-1uf-50v"; VariantName = "[No Variations]"
Add component (AddParameter): Name = "Manufacturer"; Value = "Samsung Electro-Mechanics"; VariantName = "[No Variations]"
Add component (AddParameter): Name = "Manufacturer Part Number"; Value = "CL21F104ZBCNNNC"; VariantName = "[No Variations]"
Add component (AddParameter): Name = "Supplier 1"; Value = "Digikey"; VariantName = "[No Variations]"
Add component (AddParameter): Name = "Supplier 1 Link"; Value = "https://www.digikey.com/product-detail/en/samsung-electro-mechanics/CL21F104ZBCNNNC/1276-1007-1-ND/3889093"; VariantName = "[No Variations]"
Add component (AddParameter): Name = "Supplier 1 Part Number"; Value = "1276-1007-1-ND"; VariantName = "[No Variations]"
Add component (AddParameter): Name = "Value"; Value = "100nF/50V"; VariantName = "[No Variations]"
Added Component: Designator=D?(WL-SMCW_0805)
Add component (AddParameter): Name = "Chip Technology"; Value = "AlInGaP"; VariantName = "[No Variations]"
Add component (AddParameter): Name = "ComponentLink1Description"; Value = "Manufacturer"; VariantName = "[No Variations]"
Add component (AddParameter): Name = "ComponentLink1URL"; Value = "http://www.we-online.de"; VariantName = "[No Variations]"
Add component (AddParameter): Name = "ComponentLink2Description"; Value = "Datasheet"; VariantName = "[No Variations]"
Add component (AddParameter): Name = "ComponentLink2URL"; Value = "https://www.we-online.com/catalog/datasheet/150080SS75000.pdf"; VariantName = "[No Variations]"
Add component (AddParameter): Name = "Dominant Wavelength typ."; Value = "630nm"; VariantName = "[No Variations]"
Add component (AddParameter): Name = "Emitting Color"; Value = "Super Red"; VariantName = "[No Variations]"
Add component (AddParameter): Name = "Forward Voltage typ."; Value = "1.9V"; VariantName = "[No Variations]"
Add component (AddParameter): Name = "Luminous Intensity typ."; Value = "60mcd"; VariantName = "[No Variations]"
Add component (AddParameter): Name = "Mounting Technology"; Value = "SMT"; VariantName = "[No Variations]"
Add component (AddParameter): Name = "Operating Temperature"; Value = "-40 to +85degC"; VariantName = "[No Variations]"
Add component (AddParameter): Name = "Packaging"; Value = "Tape and Reel"; VariantName = "[No Variations]"
Add component (AddParameter): Name = "Part Number"; Value = "150080SS75000"; VariantName = "[No Variations]"
Add component (AddParameter): Name = "Peak Wavelength typ."; Value = "645nm"; VariantName = "[No Variations]"
Add component (AddParameter): Name = "Published Date"; Value = "December 2019"; VariantName = "[No Variations]"
Add component (AddParameter): Name = "Publisher"; Value = "Wurth Elektronik"; VariantName = "[No Variations]"
Add component (AddParameter): Name = "Size"; Value = "0805"; VariantName = "[No Variations]"
Add component (AddParameter): Name = "Viewing Angle"; Value = "140deg"; VariantName = "[No Variations]"
Added Component: Designator=J?(Micro-USB-Female)
Add component (AddParameter): Name = "Built_By"; Value = "EMA_Cory"; VariantName = "[No Variations]"
Add component (AddParameter): Name = "Copyright"; Value = "Copyright (C) 2018 Accelerated Designs. All rights reserved"; VariantName = "[No Variations]"
Add component (AddParameter): Name = "Datasheet"; Value = "https://www.molex.com/pdm_docs/sd/1050170001_sd.pdf"; VariantName = "[No Variations]"
Add component (AddParameter): Name = "Local Supplier"; Value = "thegioiic"; VariantName = "[No Variations]"
Add component (AddParameter): Name = "Local Supplier Link"; Value = "https://www.thegioiic.com/products/cong-usb-micro-b-2-0-dau-cai-5-chan-smd-v1"; VariantName = "[No Variations]"
Add component (AddParameter): Name = "Local Supplier Part Number"; Value = "x"; VariantName = "[No Variations]"
Add component (AddParameter): Name = "Manufacturer_Part_Number"; Value = "105017-0001"; VariantName = "[No Variations]"
Add component (AddParameter): Name = "RefDes"; Value = "RefDes"; VariantName = "[No Variations]"
Add component (AddParameter): Name = "SourceLibrary"; Value = "Molex_2020-05-26"; VariantName = "[No Variations]"
Add component (AddParameter): Name = "Type"; Value = "DEV"; VariantName = "[No Variations]"
Add component (AddParameter): Name = "Vendor"; Value = "Molex Connector Corporation"; VariantName = "[No Variations]"
Added Component: Designator=P?(691312510002)
Add component (AddParameter): Name = "Application"; Value = "Pluggable"; VariantName = "[No Variations]"
Add component (AddParameter): Name = "Compliance"; Value = "RoHS"; VariantName = "[No Variations]"
Add component (AddParameter): Name = "ComponentLink1Description"; Value = "Manufacturer"; VariantName = "[No Variations]"
Add component (AddParameter): Name = "ComponentLink1URL"; Value = "http://www.we-online.de"; VariantName = "[No Variations]"
Add component (AddParameter): Name = "ComponentLink2Description"; Value = "Datasheet"; VariantName = "[No Variations]"
Add component (AddParameter): Name = "ComponentLink2URL"; Value = "https://katalog.we-online.de/em/datasheet/691312510002.pdf"; VariantName = "[No Variations]"
Add component (AddParameter): Name = "Modularity"; Value = "No"; VariantName = "[No Variations]"
Add component (AddParameter): Name = "Mounting Technology"; Value = "THT"; VariantName = "[No Variations]"
Add component (AddParameter): Name = "Operating Temperature"; Value = "-40 to +105degC"; VariantName = "[No Variations]"
Add component (AddParameter): Name = "Packaging"; Value = "Box"; VariantName = "[No Variations]"
Add component (AddParameter): Name = "Part Number"; Value = "691312510002"; VariantName = "[No Variations]"
Add component (AddParameter): Name = "PCB/Cable/Panel"; Value = "PCB"; VariantName = "[No Variations]"
Add component (AddParameter): Name = "Pin Number"; Value = "2"; VariantName = "[No Variations]"
Add component (AddParameter): Name = "Pitch"; Value = "5.08mm"; VariantName = "[No Variations]"
Add component (AddParameter): Name = "Published Date"; Value = "October 2019"; VariantName = "[No Variations]"
Add component (AddParameter): Name = "Publisher"; Value = "Wurth Elektronik"; VariantName = "[No Variations]"
Add component (AddParameter): Name = "Rated Current [UL]"; Value = "20A"; VariantName = "[No Variations]"
Add component (AddParameter): Name = "Type"; Value = "Horizontal"; VariantName = "[No Variations]"
Add component (AddParameter): Name = "Working Voltage [UL]"; Value = "300VAC"; VariantName = "[No Variations]"
Added Component: Designator=P?(JP3)
Add component (AddParameter): Name = "LatestRevisionDate"; Value = "17-Jul-2002"; VariantName = "[No Variations]"
Add component (AddParameter): Name = "LatestRevisionNote"; Value = "Re-released for DXP Platform."; VariantName = "[No Variations]"
Add component (AddParameter): Name = "Local Supplier"; Value = "thegioiic"; VariantName = "[No Variations]"
Add component (AddParameter): Name = "Local Supplier Link"; Value = "https://www.thegioiic.com/products/hang-rao-duc-don-2-54mm-40-chan-1-hang-cao-11-4mm-xuyen-lo"; VariantName = "[No Variations]"
Add component (AddParameter): Name = "Local Supplier Part Number"; Value = "x"; VariantName = "[No Variations]"
Add component (AddParameter): Name = "Publisher"; Value = "Altium Limited"; VariantName = "[No Variations]"
Added Component: Designator=P?(JP3)
Add component (AddParameter): Name = "LatestRevisionDate"; Value = "17-Jul-2002"; VariantName = "[No Variations]"
Add component (AddParameter): Name = "LatestRevisionNote"; Value = "Re-released for DXP Platform."; VariantName = "[No Variations]"
Add component (AddParameter): Name = "Local Supplier"; Value = "thegioiic"; VariantName = "[No Variations]"
Add component (AddParameter): Name = "Local Supplier Link"; Value = "https://www.thegioiic.com/products/hang-rao-duc-don-2-54mm-40-chan-1-hang-cao-11-4mm-xuyen-lo"; VariantName = "[No Variations]"
Add component (AddParameter): Name = "Local Supplier Part Number"; Value = "x"; VariantName = "[No Variations]"
Add component (AddParameter): Name = "Publisher"; Value = "Altium Limited"; VariantName = "[No Variations]"
Added Component: Designator=P?(JP4)
Add component (AddParameter): Name = "LatestRevisionDate"; Value = "17-Jul-2002"; VariantName = "[No Variations]"
Add component (AddParameter): Name = "LatestRevisionNote"; Value = "Re-released for DXP Platform."; VariantName = "[No Variations]"
Add component (AddParameter): Name = "Local Supplier"; Value = "thegioiic"; VariantName = "[No Variations]"
Add component (AddParameter): Name = "Local Supplier Link"; Value = "https://www.thegioiic.com/products/hang-rao-duc-don-2-54mm-40-chan-1-hang-cao-11-4mm-xuyen-lo"; VariantName = "[No Variations]"
Add component (AddParameter): Name = "Local Supplier Part Number"; Value = "x"; VariantName = "[No Variations]"
Add component (AddParameter): Name = "Publisher"; Value = "Altium Limited"; VariantName = "[No Variations]"
Added Component: Designator=P?(JP4)
Add component (AddParameter): Name = "LatestRevisionDate"; Value = "17-Jul-2002"; VariantName = "[No Variations]"
Add component (AddParameter): Name = "LatestRevisionNote"; Value = "Re-released for DXP Platform."; VariantName = "[No Variations]"
Add component (AddParameter): Name = "Local Supplier"; Value = "thegioiic"; VariantName = "[No Variations]"
Add component (AddParameter): Name = "Local Supplier Link"; Value = "https://www.thegioiic.com/products/hang-rao-duc-don-2-54mm-40-chan-1-hang-cao-11-4mm-xuyen-lo"; VariantName = "[No Variations]"
Add component (AddParameter): Name = "Local Supplier Part Number"; Value = "x"; VariantName = "[No Variations]"
Add component (AddParameter): Name = "Publisher"; Value = "Altium Limited"; VariantName = "[No Variations]"
Added Component: Designator=P?(JP3)
Add component (AddParameter): Name = "LatestRevisionDate"; Value = "17-Jul-2002"; VariantName = "[No Variations]"
Add component (AddParameter): Name = "LatestRevisionNote"; Value = "Re-released for DXP Platform."; VariantName = "[No Variations]"
Add component (AddParameter): Name = "Local Supplier"; Value = "thegioiic"; VariantName = "[No Variations]"
Add component (AddParameter): Name = "Local Supplier Link"; Value = "https://www.thegioiic.com/products/hang-rao-duc-don-2-54mm-40-chan-1-hang-cao-11-4mm-xuyen-lo"; VariantName = "[No Variations]"
Add component (AddParameter): Name = "Local Supplier Part Number"; Value = "x"; VariantName = "[No Variations]"
Add component (AddParameter): Name = "Publisher"; Value = "Altium Limited"; VariantName = "[No Variations]"
Added Component: Designator=P?(JP3)
Add component (AddParameter): Name = "LatestRevisionDate"; Value = "17-Jul-2002"; VariantName = "[No Variations]"
Add component (AddParameter): Name = "LatestRevisionNote"; Value = "Re-released for DXP Platform."; VariantName = "[No Variations]"
Add component (AddParameter): Name = "Local Supplier"; Value = "thegioiic"; VariantName = "[No Variations]"
Add component (AddParameter): Name = "Local Supplier Link"; Value = "https://www.thegioiic.com/products/hang-rao-duc-don-2-54mm-40-chan-1-hang-cao-11-4mm-xuyen-lo"; VariantName = "[No Variations]"
Add component (AddParameter): Name = "Local Supplier Part Number"; Value = "x"; VariantName = "[No Variations]"
Add component (AddParameter): Name = "Publisher"; Value = "Altium Limited"; VariantName = "[No Variations]"
Added Component: Designator=Q?(SOT23_NEX)
Added Component: Designator=R?(RES-SM-0805)
Add component (AddParameter): Name = "Local Supplier"; Value = "thegioiic"; VariantName = "[No Variations]"
Add component (AddParameter): Name = "Local Supplier Link"; Value = "https://www.thegioiic.com/products/dien-tro-15-kohm-0805-5"; VariantName = "[No Variations]"
Add component (AddParameter): Name = "Manufacturer"; Value = "TE Connectivity Passive Product"; VariantName = "[No Variations]"
Add component (AddParameter): Name = "Manufacturer Part Number"; Value = "CRGCQ0805F15K"; VariantName = "[No Variations]"
Add component (AddParameter): Name = "Supplier 1"; Value = "Digikey"; VariantName = "[No Variations]"
Add component (AddParameter): Name = "Supplier 1 Link"; Value = "https://www.digikey.com/product-detail/en/te-connectivity-passive-product/CRGCQ0805F15K/A129763CT-ND/8577595"; VariantName = "[No Variations]"
Add component (AddParameter): Name = "Supplier 1 Part Number"; Value = "A129763CT-ND"; VariantName = "[No Variations]"
Add component (AddParameter): Name = "Value"; Value = "15K"; VariantName = "[No Variations]"
Added Component: Designator=R?(RES-SM-0805)
Add component (AddParameter): Name = "Local Supplier"; Value = "thegioiic"; VariantName = "[No Variations]"
Add component (AddParameter): Name = "Local Supplier Link"; Value = "https://thegioiic.com/products/dien-tro-270-ohm-0805-5"; VariantName = "[No Variations]"
Add component (AddParameter): Name = "Manufacturer"; Value = "Vishay Dale"; VariantName = "[No Variations]"
Add component (AddParameter): Name = "Manufacturer Part Number"; Value = "M55342E06B270ART5"; VariantName = "[No Variations]"
Add component (AddParameter): Name = "Supplier 1"; Value = "Digikey"; VariantName = "[No Variations]"
Add component (AddParameter): Name = "Supplier 1 Link"; Value = "https://www.digikey.com/product-detail/en/vishay-dale/M55342E06B270ART5/1135-1723-6-ND/3197905"; VariantName = "[No Variations]"
Add component (AddParameter): Name = "Supplier 1 Part Number"; Value = "1135-1723-6-ND"; VariantName = "[No Variations]"
Add component (AddParameter): Name = "Value"; Value = "20"; VariantName = "[No Variations]"
Added Component: Designator=R?(RES-SM-0805)
Add component (AddParameter): Name = "Local Supplier"; Value = "thegioiic"; VariantName = "[No Variations]"
Add component (AddParameter): Name = "Local Supplier Link"; Value = "https://www.thegioiic.com/products/dien-tro-100-kohm-0805-5"; VariantName = "[No Variations]"
Add component (AddParameter): Name = "Manufacturer"; Value = "Vishay Dale"; VariantName = "[No Variations]"
Add component (AddParameter): Name = "Manufacturer Part Number"; Value = "WSL080500000ZEA9"; VariantName = "[No Variations]"
Add component (AddParameter): Name = "Supplier 1"; Value = "Digikey"; VariantName = "[No Variations]"
Add component (AddParameter): Name = "Supplier 1 Link"; Value = "https://www.digikey.com/product-detail/en/vishay-dale/WSL080500000ZEA9/541-3928-1-ND/7423223"; VariantName = "[No Variations]"
Add component (AddParameter): Name = "Supplier 1 Part Number"; Value = "541-3928-1-ND"; VariantName = "[No Variations]"
Add component (AddParameter): Name = "Value"; Value = "100K"; VariantName = "[No Variations]"
Added Component: Designator=R?(RES-SM-0805)
Add component (AddParameter): Name = "Local Supplier"; Value = "thegioiic"; VariantName = "[No Variations]"
Add component (AddParameter): Name = "Local Supplier Link"; Value = "https://www.thegioiic.com/products/dien-tro-1-kohm-0805-5"; VariantName = "[No Variations]"
Add component (AddParameter): Name = "Manufacturer"; Value = "Stackpole Electronics Inc"; VariantName = "[No Variations]"
Add component (AddParameter): Name = "Manufacturer Part Number"; Value = "RNCP0805FTD1K00"; VariantName = "[No Variations]"
Add component (AddParameter): Name = "Supplier 1"; Value = "Digikey"; VariantName = "[No Variations]"
Add component (AddParameter): Name = "Supplier 1 Link"; Value = "https://www.digikey.com/product-detail/en/stackpole-electronics-inc/RNCP0805FTD1K00/RNCP0805FTD1K00CT-ND/2240568"; VariantName = "[No Variations]"
Add component (AddParameter): Name = "Supplier 1 Part Number"; Value = "RNCP0805FTD1K00CT-ND"; VariantName = "[No Variations]"
Add component (AddParameter): Name = "Value"; Value = "1K"; VariantName = "[No Variations]"
Added Component: Designator=R?(RES-SM-0805)
Add component (AddParameter): Name = "Local Supplier"; Value = "thegioiic"; VariantName = "[No Variations]"
Add component (AddParameter): Name = "Local Supplier Link"; Value = "https://www.thegioiic.com/products/dien-tro-10-kohm-0805-5"; VariantName = "[No Variations]"
Add component (AddParameter): Name = "Manufacturer"; Value = "Stackpole Electronics Inc"; VariantName = "[No Variations]"
Add component (AddParameter): Name = "Manufacturer Part Number"; Value = "RNCP0805FTD10K0"; VariantName = "[No Variations]"
Add component (AddParameter): Name = "Supplier 1"; Value = "Digikey"; VariantName = "[No Variations]"
Add component (AddParameter): Name = "Supplier 1 Link"; Value = "https://www.digikey.com/product-detail/en/stackpole-electronics-inc/RNCP0805FTD10K0/RNCP0805FTD10K0CT-ND/2240601"; VariantName = "[No Variations]"
Add component (AddParameter): Name = "Supplier 1 Part Number"; Value = "RNCP0805FTD10K0CT-ND"; VariantName = "[No Variations]"
Add component (AddParameter): Name = "Value"; Value = "10K"; VariantName = "[No Variations]"
Added Component: Designator=R?(RES-SM-0805)
Add component (AddParameter): Name = "Local Supplier"; Value = "thegioiic"; VariantName = "[No Variations]"
Add component (AddParameter): Name = "Local Supplier Link"; Value = "https://thegioiic.com/products/dien-tro-270-ohm-0805-5"; VariantName = "[No Variations]"
Add component (AddParameter): Name = "Manufacturer"; Value = "Vishay Dale"; VariantName = "[No Variations]"
Add component (AddParameter): Name = "Manufacturer Part Number"; Value = "M55342E06B270ART5"; VariantName = "[No Variations]"
Add component (AddParameter): Name = "Supplier 1"; Value = "Digikey"; VariantName = "[No Variations]"
Add component (AddParameter): Name = "Supplier 1 Link"; Value = "https://www.digikey.com/product-detail/en/vishay-dale/M55342E06B270ART5/1135-1723-6-ND/3197905"; VariantName = "[No Variations]"
Add component (AddParameter): Name = "Supplier 1 Part Number"; Value = "1135-1723-6-ND"; VariantName = "[No Variations]"
Add component (AddParameter): Name = "Value"; Value = "20"; VariantName = "[No Variations]"
Added Component: Designator=R?(RES-SM-0805)
Add component (AddParameter): Name = "Local Supplier"; Value = "thegioiic"; VariantName = "[No Variations]"
Add component (AddParameter): Name = "Local Supplier Link"; Value = "https://www.thegioiic.com/products/dien-tro-100-kohm-0805-5"; VariantName = "[No Variations]"
Add component (AddParameter): Name = "Manufacturer"; Value = "Vishay Dale"; VariantName = "[No Variations]"
Add component (AddParameter): Name = "Manufacturer Part Number"; Value = "WSL080500000ZEA9"; VariantName = "[No Variations]"
Add component (AddParameter): Name = "Supplier 1"; Value = "Digikey"; VariantName = "[No Variations]"
Add component (AddParameter): Name = "Supplier 1 Link"; Value = "https://www.digikey.com/product-detail/en/vishay-dale/WSL080500000ZEA9/541-3928-1-ND/7423223"; VariantName = "[No Variations]"
Add component (AddParameter): Name = "Supplier 1 Part Number"; Value = "541-3928-1-ND"; VariantName = "[No Variations]"
Add component (AddParameter): Name = "Value"; Value = "100K"; VariantName = "[No Variations]"
Added Component: Designator=R?(RES-SM-0805)
Add component (AddParameter): Name = "Local Supplier"; Value = "thegioiic"; VariantName = "[No Variations]"
Add component (AddParameter): Name = "Local Supplier Link"; Value = "https://www.thegioiic.com/products/dien-tro-10-kohm-0805-5"; VariantName = "[No Variations]"
Add component (AddParameter): Name = "Manufacturer"; Value = "Stackpole Electronics Inc"; VariantName = "[No Variations]"
Add component (AddParameter): Name = "Manufacturer Part Number"; Value = "RNCP0805FTD10K0"; VariantName = "[No Variations]"
Add component (AddParameter): Name = "Supplier 1"; Value = "Digikey"; VariantName = "[No Variations]"
Add component (AddParameter): Name = "Supplier 1 Link"; Value = "https://www.digikey.com/product-detail/en/stackpole-electronics-inc/RNCP0805FTD10K0/RNCP0805FTD10K0CT-ND/2240601"; VariantName = "[No Variations]"
Add component (AddParameter): Name = "Supplier 1 Part Number"; Value = "RNCP0805FTD10K0CT-ND"; VariantName = "[No Variations]"
Add component (AddParameter): Name = "Value"; Value = "10K"; VariantName = "[No Variations]"
Added Component: Designator=R?(RES-SM-0805)
Add component (AddParameter): Name = "Local Supplier"; Value = "thegioiic"; VariantName = "[No Variations]"
Add component (AddParameter): Name = "Local Supplier Link"; Value = "https://www.thegioiic.com/products/dien-tro-10-kohm-0805-5"; VariantName = "[No Variations]"
Add component (AddParameter): Name = "Manufacturer"; Value = "Stackpole Electronics Inc"; VariantName = "[No Variations]"
Add component (AddParameter): Name = "Manufacturer Part Number"; Value = "RNCP0805FTD10K0"; VariantName = "[No Variations]"
Add component (AddParameter): Name = "Supplier 1"; Value = "Digikey"; VariantName = "[No Variations]"
Add component (AddParameter): Name = "Supplier 1 Link"; Value = "https://www.digikey.com/product-detail/en/stackpole-electronics-inc/RNCP0805FTD10K0/RNCP0805FTD10K0CT-ND/2240601"; VariantName = "[No Variations]"
Add component (AddParameter): Name = "Supplier 1 Part Number"; Value = "RNCP0805FTD10K0CT-ND"; VariantName = "[No Variations]"
Add component (AddParameter): Name = "Value"; Value = "10K"; VariantName = "[No Variations]"
Added Component: Designator=R?(RES-SM-0805)
Add component (AddParameter): Name = "Local Supplier"; Value = "thegioiic"; VariantName = "[No Variations]"
Add component (AddParameter): Name = "Local Supplier Link"; Value = "https://www.thegioiic.com/products/dien-tro-100-kohm-0805-5"; VariantName = "[No Variations]"
Add component (AddParameter): Name = "Manufacturer"; Value = "Vishay Dale"; VariantName = "[No Variations]"
Add component (AddParameter): Name = "Manufacturer Part Number"; Value = "WSL080500000ZEA9"; VariantName = "[No Variations]"
Add component (AddParameter): Name = "Supplier 1"; Value = "Digikey"; VariantName = "[No Variations]"
Add component (AddParameter): Name = "Supplier 1 Link"; Value = "https://www.digikey.com/product-detail/en/vishay-dale/WSL080500000ZEA9/541-3928-1-ND/7423223"; VariantName = "[No Variations]"
Add component (AddParameter): Name = "Supplier 1 Part Number"; Value = "541-3928-1-ND"; VariantName = "[No Variations]"
Add component (AddParameter): Name = "Value"; Value = "100K"; VariantName = "[No Variations]"
Added Component: Designator=R?(RES-SM-0805)
Add component (AddParameter): Name = "Local Supplier"; Value = "thegioiic"; VariantName = "[No Variations]"
Add component (AddParameter): Name = "Local Supplier Link"; Value = "https://www.thegioiic.com/products/dien-tro-10-kohm-0805-5"; VariantName = "[No Variations]"
Add component (AddParameter): Name = "Manufacturer"; Value = "Stackpole Electronics Inc"; VariantName = "[No Variations]"
Add component (AddParameter): Name = "Manufacturer Part Number"; Value = "RNCP0805FTD10K0"; VariantName = "[No Variations]"
Add component (AddParameter): Name = "Supplier 1"; Value = "Digikey"; VariantName = "[No Variations]"
Add component (AddParameter): Name = "Supplier 1 Link"; Value = "https://www.digikey.com/product-detail/en/stackpole-electronics-inc/RNCP0805FTD10K0/RNCP0805FTD10K0CT-ND/2240601"; VariantName = "[No Variations]"
Add component (AddParameter): Name = "Supplier 1 Part Number"; Value = "RNCP0805FTD10K0CT-ND"; VariantName = "[No Variations]"
Add component (AddParameter): Name = "Value"; Value = "10K"; VariantName = "[No Variations]"
Added Component: Designator=R?(RES-SM-0805)
Add component (AddParameter): Name = "Local Supplier"; Value = "thegioiic"; VariantName = "[No Variations]"
Add component (AddParameter): Name = "Local Supplier Link"; Value = "https://www.thegioiic.com/products/dien-tro-10-kohm-0805-5"; VariantName = "[No Variations]"
Add component (AddParameter): Name = "Manufacturer"; Value = "Stackpole Electronics Inc"; VariantName = "[No Variations]"
Add component (AddParameter): Name = "Manufacturer Part Number"; Value = "RNCP0805FTD10K0"; VariantName = "[No Variations]"
Add component (AddParameter): Name = "Supplier 1"; Value = "Digikey"; VariantName = "[No Variations]"
Add component (AddParameter): Name = "Supplier 1 Link"; Value = "https://www.digikey.com/product-detail/en/stackpole-electronics-inc/RNCP0805FTD10K0/RNCP0805FTD10K0CT-ND/2240601"; VariantName = "[No Variations]"
Add component (AddParameter): Name = "Supplier 1 Part Number"; Value = "RNCP0805FTD10K0CT-ND"; VariantName = "[No Variations]"
Add component (AddParameter): Name = "Value"; Value = "10K"; VariantName = "[No Variations]"
Added Component: Designator=R?(RES-SM-0805)
Add component (AddParameter): Name = "Local Supplier"; Value = "thegioiic"; VariantName = "[No Variations]"
Add component (AddParameter): Name = "Local Supplier Link"; Value = "https://www.thegioiic.com/products/dien-tro-100-kohm-0805-5"; VariantName = "[No Variations]"
Add component (AddParameter): Name = "Manufacturer"; Value = "Vishay Dale"; VariantName = "[No Variations]"
Add component (AddParameter): Name = "Manufacturer Part Number"; Value = "WSL080500000ZEA9"; VariantName = "[No Variations]"
Add component (AddParameter): Name = "Supplier 1"; Value = "Digikey"; VariantName = "[No Variations]"
Add component (AddParameter): Name = "Supplier 1 Link"; Value = "https://www.digikey.com/product-detail/en/vishay-dale/WSL080500000ZEA9/541-3928-1-ND/7423223"; VariantName = "[No Variations]"
Add component (AddParameter): Name = "Supplier 1 Part Number"; Value = "541-3928-1-ND"; VariantName = "[No Variations]"
Add component (AddParameter): Name = "Value"; Value = "100K"; VariantName = "[No Variations]"
Added Component: Designator=R?(RES-SM-0805)
Add component (AddParameter): Name = "Local Supplier"; Value = "thegioiic"; VariantName = "[No Variations]"
Add component (AddParameter): Name = "Local Supplier Link"; Value = "https://thegioiic.com/products/dien-tro-47k-ohm-0603-5"; VariantName = "[No Variations]"
Add component (AddParameter): Name = "Manufacturer"; Value = "Yageo"; VariantName = "[No Variations]"
Add component (AddParameter): Name = "Manufacturer Part Number"; Value = "RC0805FR-0747KL"; VariantName = "[No Variations]"
Add component (AddParameter): Name = "Supplier 1"; Value = "Digikey"; VariantName = "[No Variations]"
Add component (AddParameter): Name = "Supplier 1 Link"; Value = "https://www.digikey.com/product-detail/en/yageo/RC0805FR-0747KL/311-47.0KCRCT-ND/730920"; VariantName = "[No Variations]"
Add component (AddParameter): Name = "Supplier 1 Part Number"; Value = "311-47.0KCRCT-ND"; VariantName = "[No Variations]"
Add component (AddParameter): Name = "Value"; Value = "47K"; VariantName = "[No Variations]"
Added Component: Designator=R?(RES-SM-0805)
Add component (AddParameter): Name = "Local Supplier"; Value = "thegioiic"; VariantName = "[No Variations]"
Add component (AddParameter): Name = "Local Supplier Link"; Value = "https://thegioiic.com/products/dien-tro-47k-ohm-0603-5"; VariantName = "[No Variations]"
Add component (AddParameter): Name = "Manufacturer"; Value = "Yageo"; VariantName = "[No Variations]"
Add component (AddParameter): Name = "Manufacturer Part Number"; Value = "RC0805FR-0747KL"; VariantName = "[No Variations]"
Add component (AddParameter): Name = "Supplier 1"; Value = "Digikey"; VariantName = "[No Variations]"
Add component (AddParameter): Name = "Supplier 1 Link"; Value = "https://www.digikey.com/product-detail/en/yageo/RC0805FR-0747KL/311-47.0KCRCT-ND/730920"; VariantName = "[No Variations]"
Add component (AddParameter): Name = "Supplier 1 Part Number"; Value = "311-47.0KCRCT-ND"; VariantName = "[No Variations]"
Add component (AddParameter): Name = "Value"; Value = "47K"; VariantName = "[No Variations]"
Added Component: Designator=R?(RES-SM-0805)
Add component (AddParameter): Name = "Local Supplier"; Value = "thegioiic"; VariantName = "[No Variations]"
Add component (AddParameter): Name = "Local Supplier Link"; Value = "https://thegioiic.com/products/dien-tro-47k-ohm-0603-5"; VariantName = "[No Variations]"
Add component (AddParameter): Name = "Manufacturer"; Value = "Yageo"; VariantName = "[No Variations]"
Add component (AddParameter): Name = "Manufacturer Part Number"; Value = "RC0805FR-0747KL"; VariantName = "[No Variations]"
Add component (AddParameter): Name = "Supplier 1"; Value = "Digikey"; VariantName = "[No Variations]"
Add component (AddParameter): Name = "Supplier 1 Link"; Value = "https://www.digikey.com/product-detail/en/yageo/RC0805FR-0747KL/311-47.0KCRCT-ND/730920"; VariantName = "[No Variations]"
Add component (AddParameter): Name = "Supplier 1 Part Number"; Value = "311-47.0KCRCT-ND"; VariantName = "[No Variations]"
Add component (AddParameter): Name = "Value"; Value = "47K"; VariantName = "[No Variations]"
Added Component: Designator=R?(RES-SM-0805)
Add component (AddParameter): Name = "Local Supplier"; Value = "thegioiic"; VariantName = "[No Variations]"
Add component (AddParameter): Name = "Local Supplier Link"; Value = "https://thegioiic.com/products/dien-tro-47k-ohm-0603-5"; VariantName = "[No Variations]"
Add component (AddParameter): Name = "Manufacturer"; Value = "Yageo"; VariantName = "[No Variations]"
Add component (AddParameter): Name = "Manufacturer Part Number"; Value = "RC0805FR-0747KL"; VariantName = "[No Variations]"
Add component (AddParameter): Name = "Supplier 1"; Value = "Digikey"; VariantName = "[No Variations]"
Add component (AddParameter): Name = "Supplier 1 Link"; Value = "https://www.digikey.com/product-detail/en/yageo/RC0805FR-0747KL/311-47.0KCRCT-ND/730920"; VariantName = "[No Variations]"
Add component (AddParameter): Name = "Supplier 1 Part Number"; Value = "311-47.0KCRCT-ND"; VariantName = "[No Variations]"
Add component (AddParameter): Name = "Value"; Value = "47K"; VariantName = "[No Variations]"
Added Component: Designator=R?(RES-SM-0805)
Add component (AddParameter): Name = "Local Supplier"; Value = "thegioiic"; VariantName = "[No Variations]"
Add component (AddParameter): Name = "Local Supplier Link"; Value = "https://thegioiic.com/products/dien-tro-47k-ohm-0603-5"; VariantName = "[No Variations]"
Add component (AddParameter): Name = "Manufacturer"; Value = "Yageo"; VariantName = "[No Variations]"
Add component (AddParameter): Name = "Manufacturer Part Number"; Value = "RC0805FR-0747KL"; VariantName = "[No Variations]"
Add component (AddParameter): Name = "Supplier 1"; Value = "Digikey"; VariantName = "[No Variations]"
Add component (AddParameter): Name = "Supplier 1 Link"; Value = "https://www.digikey.com/product-detail/en/yageo/RC0805FR-0747KL/311-47.0KCRCT-ND/730920"; VariantName = "[No Variations]"
Add component (AddParameter): Name = "Supplier 1 Part Number"; Value = "311-47.0KCRCT-ND"; VariantName = "[No Variations]"
Add component (AddParameter): Name = "Value"; Value = "47K"; VariantName = "[No Variations]"
Added Component: Designator=S?(434113043826)
Add component (AddParameter): Name = "ComponentLink1Description"; Value = "Manufacturer"; VariantName = "[No Variations]"
Add component (AddParameter): Name = "ComponentLink1URL"; Value = "http://www.we-online.de"; VariantName = "[No Variations]"
Add component (AddParameter): Name = "ComponentLink2Description"; Value = "Datasheet"; VariantName = "[No Variations]"
Add component (AddParameter): Name = "ComponentLink2URL"; Value = "https://katalog.we-online.com/em/datasheet/434113043826.pdf"; VariantName = "[No Variations]"
Add component (AddParameter): Name = "Contact Material"; Value = "Stainless Steel"; VariantName = "[No Variations]"
Add component (AddParameter): Name = "Contact Plating"; Value = "Silver"; VariantName = "[No Variations]"
Add component (AddParameter): Name = "Height"; Value = "4.3mm"; VariantName = "[No Variations]"
Add component (AddParameter): Name = "Local Supplier"; Value = "thegioiic"; VariantName = "[No Variations]"
Add component (AddParameter): Name = "Local Supplier Link"; Value = "https://www.thegioiic.com/products/nut-nhan-3-5x6mm-cao-5mm-2-chan-smd-dau-trang"; VariantName = "[No Variations]"
Add component (AddParameter): Name = "Local Supplier Part Number"; Value = "x"; VariantName = "[No Variations]"
Add component (AddParameter): Name = "Mounting Technology"; Value = "SMT"; VariantName = "[No Variations]"
Add component (AddParameter): Name = "Operating Temperature"; Value = "-40 to +85degC"; VariantName = "[No Variations]"
Add component (AddParameter): Name = "Operation Force"; Value = "260gf"; VariantName = "[No Variations]"
Add component (AddParameter): Name = "Packaging"; Value = "Tape and Reel"; VariantName = "[No Variations]"
Add component (AddParameter): Name = "Part Number"; Value = "434113043826"; VariantName = "[No Variations]"
Add component (AddParameter): Name = "Published Date"; Value = "September 2019"; VariantName = "[No Variations]"
Add component (AddParameter): Name = "Publisher"; Value = "Wurth Elektronik"; VariantName = "[No Variations]"
Add component (AddParameter): Name = "Rated Current"; Value = "50mA"; VariantName = "[No Variations]"
Add component (AddParameter): Name = "Rated Voltage"; Value = "12VDC"; VariantName = "[No Variations]"
Add component (AddParameter): Name = "Terminal Material"; Value = "Copper Alloy"; VariantName = "[No Variations]"
Add component (AddParameter): Name = "Terminal Plating"; Value = "Silver"; VariantName = "[No Variations]"
Add component (AddParameter): Name = "Washable"; Value = "No"; VariantName = "[No Variations]"
Added Component: Designator=S?(434113043826)
Add component (AddParameter): Name = "ComponentLink1Description"; Value = "Manufacturer"; VariantName = "[No Variations]"
Add component (AddParameter): Name = "ComponentLink1URL"; Value = "http://www.we-online.de"; VariantName = "[No Variations]"
Add component (AddParameter): Name = "ComponentLink2Description"; Value = "Datasheet"; VariantName = "[No Variations]"
Add component (AddParameter): Name = "ComponentLink2URL"; Value = "https://katalog.we-online.com/em/datasheet/434113043826.pdf"; VariantName = "[No Variations]"
Add component (AddParameter): Name = "Contact Material"; Value = "Stainless Steel"; VariantName = "[No Variations]"
Add component (AddParameter): Name = "Contact Plating"; Value = "Silver"; VariantName = "[No Variations]"
Add component (AddParameter): Name = "Height"; Value = "4.3mm"; VariantName = "[No Variations]"
Add component (AddParameter): Name = "Local Supplier"; Value = "thegioiic"; VariantName = "[No Variations]"
Add component (AddParameter): Name = "Local Supplier Link"; Value = "https://www.thegioiic.com/products/nut-nhan-3-5x6mm-cao-5mm-2-chan-smd-dau-trang"; VariantName = "[No Variations]"
Add component (AddParameter): Name = "Local Supplier Part Number"; Value = "x"; VariantName = "[No Variations]"
Add component (AddParameter): Name = "Mounting Technology"; Value = "SMT"; VariantName = "[No Variations]"
Add component (AddParameter): Name = "Operating Temperature"; Value = "-40 to +85degC"; VariantName = "[No Variations]"
Add component (AddParameter): Name = "Operation Force"; Value = "260gf"; VariantName = "[No Variations]"
Add component (AddParameter): Name = "Packaging"; Value = "Tape and Reel"; VariantName = "[No Variations]"
Add component (AddParameter): Name = "Part Number"; Value = "434113043826"; VariantName = "[No Variations]"
Add component (AddParameter): Name = "Published Date"; Value = "September 2019"; VariantName = "[No Variations]"
Add component (AddParameter): Name = "Publisher"; Value = "Wurth Elektronik"; VariantName = "[No Variations]"
Add component (AddParameter): Name = "Rated Current"; Value = "50mA"; VariantName = "[No Variations]"
Add component (AddParameter): Name = "Rated Voltage"; Value = "12VDC"; VariantName = "[No Variations]"
Add component (AddParameter): Name = "Terminal Material"; Value = "Copper Alloy"; VariantName = "[No Variations]"
Add component (AddParameter): Name = "Terminal Plating"; Value = "Silver"; VariantName = "[No Variations]"
Add component (AddParameter): Name = "Washable"; Value = "No"; VariantName = "[No Variations]"
Added Component: Designator=(RES-SM-0805)
Add component (AddParameter): Name = "Local Supplier"; Value = "thegioiic"; VariantName = "[No Variations]"
Add component (AddParameter): Name = "Local Supplier Link"; Value = "https://www.thegioiic.com/products/dien-tro-4-7-kohm-0805-5"; VariantName = "[No Variations]"
Add component (AddParameter): Name = "Manufacturer"; Value = "Yageo"; VariantName = "[No Variations]"
Add component (AddParameter): Name = "Manufacturer Part Number"; Value = "RC0805JR-074K7L"; VariantName = "[No Variations]"
Add component (AddParameter): Name = "Supplier 1"; Value = "Digikey"; VariantName = "[No Variations]"
Add component (AddParameter): Name = "Supplier 1 Link"; Value = "https://www.digikey.com/product-detail/en/yageo/RC0805JR-074K7L/311-4.7KARCT-ND/731274"; VariantName = "[No Variations]"
Add component (AddParameter): Name = "Supplier 1 Part Number"; Value = "311-4.7KARCT-ND"; VariantName = "[No Variations]"
Add component (AddParameter): Name = "Value"; Value = "4.7K"; VariantName = "[No Variations]"
Added Component: Designator=U*(SD_CONNECT)
Added Component: Designator=U?(LQFP-48)
Add component (AddParameter): Name = "Local Supplier"; Value = "thegioiic"; VariantName = "[No Variations]"
Add component (AddParameter): Name = "Local Supplier Link"; Value = "https://www.thegioiic.com/products/stm32f103c8t6"; VariantName = "[No Variations]"
Add component (AddParameter): Name = "Local Supplier Part Number"; Value = "STM32F103C8T6"; VariantName = "[No Variations]"
Add component (AddParameter): Name = "Manufacture Part Number"; Value = "STM32F103C8T6"; VariantName = "[No Variations]"
Add component (AddParameter): Name = "Manufacturer"; Value = "ST Electronic"; VariantName = "[No Variations]"
Added Component: Designator=U?(LQFP-48)
Add component (AddParameter): Name = "Local Supplier"; Value = "thegioiic"; VariantName = "[No Variations]"
Add component (AddParameter): Name = "Local Supplier Link"; Value = "https://www.thegioiic.com/products/stm32f103c8t6"; VariantName = "[No Variations]"
Add component (AddParameter): Name = "Local Supplier Part Number"; Value = "STM32F103C8T6"; VariantName = "[No Variations]"
Add component (AddParameter): Name = "Manufacture Part Number"; Value = "STM32F103C8T6"; VariantName = "[No Variations]"
Add component (AddParameter): Name = "Manufacturer"; Value = "ST Electronic"; VariantName = "[No Variations]"
Added Component: Designator=Y?(xtal2_CX5032GB_AVX-L)
Add component (AddParameter): Name = "Copyright"; Value = "Copyright (C) 2023 Ultra Librarian. All rights reserved."; VariantName = "[No Variations]"
Add component (AddParameter): Name = "Manufacturer_Part_Number"; Value = "CX5032GB08000H0HEQZ1"; VariantName = "[No Variations]"
Add component (AddParameter): Name = "Mfr_Name"; Value = "KYOCERA AVX"; VariantName = "[No Variations]"
Add component (AddParameter): Name = "RefDes"; Value = "RefDes"; VariantName = "[No Variations]"
Add component (AddParameter): Name = "Type"; Value = "DEV"; VariantName = "[No Variations]"
Added Component: Designator=Y?(xtal2_CX5032GB_AVX-L)
Add component (AddParameter): Name = "Copyright"; Value = "Copyright (C) 2023 Ultra Librarian. All rights reserved."; VariantName = "[No Variations]"
Add component (AddParameter): Name = "Manufacturer_Part_Number"; Value = "CX5032GB08000H0HEQZ1"; VariantName = "[No Variations]"
Add component (AddParameter): Name = "Mfr_Name"; Value = "KYOCERA AVX"; VariantName = "[No Variations]"
Add component (AddParameter): Name = "RefDes"; Value = "RefDes"; VariantName = "[No Variations]"
Add component (AddParameter): Name = "Type"; Value = "DEV"; VariantName = "[No Variations]"
Added Pin To Net: NetName=5V_USB Pin=-1
Added Pin To Net: NetName=D+ Pin=-2
Added Pin To Net: NetName=5V Pin=B?-1
Added Pin To Net: NetName=NetB?_2 Pin=B?-2
Added Pin To Net: NetName=GND Pin=C?-1
Added Pin To Net: NetName=GND Pin=C?-1
Added Pin To Net: NetName=GND Pin=C?-1
Added Pin To Net: NetName=GND Pin=C?-1
Added Pin To Net: NetName=GND Pin=C?-1
Added Pin To Net: NetName=GND Pin=C?-1
Added Pin To Net: NetName=GND Pin=C?-1
Added Pin To Net: NetName=GND Pin=C?-1
Added Pin To Net: NetName=GND Pin=C?-1
Added Pin To Net: NetName=MCU_3V3 Pin=C?-1
Added Pin To Net: NetName=MCU_3V3 Pin=C?-1
Added Pin To Net: NetName=MCU_3V3 Pin=C?-1
Added Pin To Net: NetName=MCU_3V3 Pin=C?-1
Added Pin To Net: NetName=MCU_3V3 Pin=C?-1
Added Pin To Net: NetName=MCU_3V3 Pin=C?-1
Added Pin To Net: NetName=VDD Pin=C?-1
Added Pin To Net: NetName=GND Pin=C?-2
Added Pin To Net: NetName=GND Pin=C?-2
Added Pin To Net: NetName=GND Pin=C?-2
Added Pin To Net: NetName=GND Pin=C?-2
Added Pin To Net: NetName=GND Pin=C?-2
Added Pin To Net: NetName=GND Pin=C?-2
Added Pin To Net: NetName=GND Pin=C?-2
Added Pin To Net: NetName=HOME_X Pin=C?-2
Added Pin To Net: NetName=HOME_Y Pin=C?-2
Added Pin To Net: NetName=HOME_Z Pin=C?-2
Added Pin To Net: NetName=NRST Pin=C?-2
Added Pin To Net: NetName=OSC_IN Pin=C?-2
Added Pin To Net: NetName=OSC_OUT Pin=C?-2
Added Pin To Net: NetName=NetD?_1 Pin=D?-1
Added Pin To Net: NetName=MCU_3V3 Pin=D?-2
Added Pin To Net: NetName=5V_USB Pin=J?-1
Added Pin To Net: NetName=NetJ?_2 Pin=J?-2
Added Pin To Net: NetName=NetJ?_3 Pin=J?-3
Added Pin To Net: NetName=GND Pin=J?-4
Added Pin To Net: NetName=GND Pin=J?-5
Added Pin To Net: NetName=GND Pin=P?-1
Added Pin To Net: NetName=GND Pin=P?-1
Added Pin To Net: NetName=GND Pin=P?-1
Added Pin To Net: NetName=GND Pin=P?-1
Added Pin To Net: NetName=MCU_3V3 Pin=P?-1
Added Pin To Net: NetName=MCU_3V3 Pin=P?-1
Added Pin To Net: NetName=NetP?_2 Pin=P?-2
Added Pin To Net: NetName=SWDCLK Pin=P?-2
Added Pin To Net: NetName=GND Pin=P?-3
Added Pin To Net: NetName=GND Pin=P?-3
Added Pin To Net: NetName=MCU_3V3 Pin=P?-3
Added Pin To Net: NetName=MCU_3V3 Pin=P?-3
Added Pin To Net: NetName=SWDIO Pin=P?-3
Added Pin To Net: NetName=MCU_3V3 Pin=P?-4
Added Pin To Net: NetName=MCU_3V3 Pin=P?-4
Added Pin To Net: NetName=NetQ?_1 Pin=Q?-1
Added Pin To Net: NetName=GND Pin=Q?-2
Added Pin To Net: NetName=NetB?_2 Pin=Q?-3
Added Pin To Net: NetName=BOOT0 Pin=R?-1
Added Pin To Net: NetName=BUZZER Pin=R?-1
Added Pin To Net: NetName=CMD Pin=R?-1
Added Pin To Net: NetName=CS Pin=R?-1
Added Pin To Net: NetName=DAT0 Pin=R?-1
Added Pin To Net: NetName=DAT1 Pin=R?-1
Added Pin To Net: NetName=DAT2 Pin=R?-1
Added Pin To Net: NetName=HOME_X Pin=R?-1
Added Pin To Net: NetName=HOME_Y Pin=R?-1
Added Pin To Net: NetName=HOME_Z Pin=R?-1
Added Pin To Net: NetName=LED_NOTIFY Pin=R?-1
Added Pin To Net: NetName=NetJ?_2 Pin=R?-1
Added Pin To Net: NetName=NetJ?_3 Pin=R?-1
Added Pin To Net: NetName=NRST Pin=R?-1
Added Pin To Net: NetName=BOOT1 Pin=R?-2
Added Pin To Net: NetName=D+ Pin=R?-2
Added Pin To Net: NetName=D- Pin=R?-2
Added Pin To Net: NetName=MCU_3V3 Pin=R?-2
Added Pin To Net: NetName=MCU_3V3 Pin=R?-2
Added Pin To Net: NetName=MCU_3V3 Pin=R?-2
Added Pin To Net: NetName=MCU_3V3 Pin=R?-2
Added Pin To Net: NetName=MCU_3V3 Pin=R?-2
Added Pin To Net: NetName=NetD?_1 Pin=R?-2
Added Pin To Net: NetName=NetP?_2 Pin=R?-2
Added Pin To Net: NetName=NetQ?_1 Pin=R?-2
Added Pin To Net: NetName=VDD Pin=R?-2
Added Pin To Net: NetName=VDD Pin=R?-2
Added Pin To Net: NetName=VDD Pin=R?-2
Added Pin To Net: NetName=VDD Pin=R?-2
Added Pin To Net: NetName=VDD Pin=R?-2
Added Pin To Net: NetName=GND Pin=S?-1
Added Pin To Net: NetName=GND Pin=S?-1
Added Pin To Net: NetName=NRST Pin=S?-2
Added Pin To Net: NetName=DAT2 Pin=U*-1
Added Pin To Net: NetName=CS Pin=U*-2
Added Pin To Net: NetName=CMD Pin=U*-3
Added Pin To Net: NetName=VDD Pin=U*-4
Added Pin To Net: NetName=NetU*_5 Pin=U*-5
Added Pin To Net: NetName=GND Pin=U*-6
Added Pin To Net: NetName=DAT0 Pin=U*-7
Added Pin To Net: NetName=DAT1 Pin=U*-8
Added Pin To Net: NetName=GND Pin=U*-9
Added Pin To Net: NetName=GND Pin=U*-10
Added Pin To Net: NetName=GND Pin=U*-11
Added Pin To Net: NetName=GND Pin=U*-11
Added Pin To Net: NetName=OSC_IN Pin=U?-5
Added Pin To Net: NetName=OSC_OUT Pin=U?-6
Added Pin To Net: NetName=NRST Pin=U?-7
Added Pin To Net: NetName=GND Pin=U?-8
Added Pin To Net: NetName=GND Pin=U?-8
Added Pin To Net: NetName=MCU_3V3 Pin=U?-9
Added Pin To Net: NetName=MCU_3V3 Pin=U?-9
Added Pin To Net: NetName=BOOT1 Pin=U?-20
Added Pin To Net: NetName=GND Pin=U?-23
Added Pin To Net: NetName=GND Pin=U?-23
Added Pin To Net: NetName=MCU_3V3 Pin=U?-24
Added Pin To Net: NetName=MCU_3V3 Pin=U?-24
Added Pin To Net: NetName=D- Pin=U?-32
Added Pin To Net: NetName=D+ Pin=U?-33
Added Pin To Net: NetName=SWDIO Pin=U?-34
Added Pin To Net: NetName=GND Pin=U?-35
Added Pin To Net: NetName=GND Pin=U?-35
Added Pin To Net: NetName=MCU_3V3 Pin=U?-36
Added Pin To Net: NetName=MCU_3V3 Pin=U?-36
Added Pin To Net: NetName=SWDCLK Pin=U?-37
Added Pin To Net: NetName=BOOT0 Pin=U?-44
Added Pin To Net: NetName=GND Pin=U?-47
Added Pin To Net: NetName=GND Pin=U?-47
Added Pin To Net: NetName=MCU_3V3 Pin=U?-48
Added Pin To Net: NetName=MCU_3V3 Pin=U?-48
Added Pin To Net: NetName=OSC_IN Pin=Y?-1
Added Pin To Net: NetName=OSC_OUT Pin=Y?-2
Added Member To Class: ClassName=MCU_Main Member=Component B? Buzzer
Added Member To Class: ClassName=Control_Display_SD Member=Component C? Cap-100nF-50V-0805
Added Member To Class: ClassName=MCU_Control Member=Component C? Cap-100nF-50V-0805
Added Member To Class: ClassName=MCU_Control Member=Component C? Cap-22pF-50V-0805
Added Member To Class: ClassName=MCU_Control Member=Component C? Cap-100nF-50V-0805
Added Member To Class: ClassName=MCU_Control Member=Component C? Cap-100nF-50V-0805
Added Member To Class: ClassName=MCU_Control Member=Component C? Cap-100nF-50V-0805
Added Member To Class: ClassName=MCU_Control Member=Component C? Cap-22pF-50V-0805
Added Member To Class: ClassName=MCU_Control Member=Component C? Cap-100nF-50V-0805
Added Member To Class: ClassName=MCU_Control Member=Component C? Cap-100nF-50V-0805
Added Member To Class: ClassName=MCU_Control Member=Component C? Cap-100nF-50V-0805
Added Member To Class: ClassName=MCU_Main Member=Component C? Cap-100nF-50V-0805
Added Member To Class: ClassName=MCU_Main Member=Component C? Cap-100nF-50V-0805
Added Member To Class: ClassName=MCU_Main Member=Component C? Cap-100nF-50V-0805
Added Member To Class: ClassName=MCU_Main Member=Component C? Cap-100nF-50V-0805
Added Member To Class: ClassName=MCU_Main Member=Component C? Cap-22pF-50V-0805
Added Member To Class: ClassName=MCU_Main Member=Component C? Cap-22pF-50V-0805
Added Member To Class: ClassName=MCU_Main Member=Component D? Super Red, 1.9V
Added Member To Class: ClassName=MCU_Main Member=Component J? 105017-0001
Added Member To Class: ClassName=MCU_Control Member=Component P? Header 4
Added Member To Class: ClassName=MCU_Control Member=Component P? Header 3
Added Member To Class: ClassName=MCU_Control Member=Component P? Header 3
Added Member To Class: ClassName=MCU_Main Member=Component P? Header 3
Added Member To Class: ClassName=MCU_Main Member=Component P? Header 3
Added Member To Class: ClassName=MCU_Main Member=Component P? Header 4
Added Member To Class: ClassName=PowerSupply Member=Component P? 691312510002
Added Member To Class: ClassName=MCU_Main Member=Component Q? C1815
Added Member To Class: ClassName=Control_Display_SD Member=Component R? Res-47K-0805
Added Member To Class: ClassName=Control_Display_SD Member=Component R? Res-47K-0805
Added Member To Class: ClassName=Control_Display_SD Member=Component R? Res-47K-0805
Added Member To Class: ClassName=Control_Display_SD Member=Component R? Res-47K-0805
Added Member To Class: ClassName=Control_Display_SD Member=Component R? Res-47K-0805
Added Member To Class: ClassName=MCU_Control Member=Component R? Res-10k-0805
Added Member To Class: ClassName=MCU_Control Member=Component R? Res-10k-0805
Added Member To Class: ClassName=MCU_Control Member=Component R? Res-100K-0805
Added Member To Class: ClassName=MCU_Control Member=Component R? Res-10k-0805
Added Member To Class: ClassName=MCU_Control Member=Component R? Res-10k-0805
Added Member To Class: ClassName=MCU_Control Member=Component R? Res-100K-0805
Added Member To Class: ClassName=MCU_Main Member=Component R? Res-15K-0805
Added Member To Class: ClassName=MCU_Main Member=Component R? Res-270-0805
Added Member To Class: ClassName=MCU_Main Member=Component R? Res-100K-0805
Added Member To Class: ClassName=MCU_Main Member=Component R? Res-1K-0805
Added Member To Class: ClassName=MCU_Main Member=Component R? Res-10k-0805
Added Member To Class: ClassName=MCU_Main Member=Component R? Res-270-0805
Added Member To Class: ClassName=MCU_Main Member=Component R? Res-100K-0805
Added Member To Class: ClassName=MCU_Control Member=Component S? 434113043826
Added Member To Class: ClassName=MCU_Main Member=Component S? 434113043826
Added Member To Class: ClassName=MCU_Main Member=Component  Res-4.7K-0805
Added Member To Class: ClassName=Control_Display_SD Member=Component U* SD_Connect
Added Member To Class: ClassName=MCU_Control Member=Component U? STM32F103C8T6
Added Member To Class: ClassName=MCU_Main Member=Component U? STM32F103C8T6
Added Member To Class: ClassName=MCU_Control Member=Component Y? 8MHz
Added Member To Class: ClassName=MCU_Main Member=Component Y? 8MHz
Added Room: Name=Control_Display_SD
Added Room: Name=MCU_Control
Added Room: Name=MCU_Main
Added Room: Name=PowerSupply
